{
  "stats": {
    "suites": 1,
    "tests": 2,
    "passes": 2,
    "pending": 0,
    "failures": 0,
    "start": "2020-09-18T22:32:02.725Z",
    "end": "2020-09-18T22:32:02.774Z",
    "duration": 49,
    "testsRegistered": 2,
    "passPercent": 100,
    "pendingPercent": 0,
    "other": 0,
    "hasOther": false,
    "skipped": 0,
    "hasSkipped": false
  },
  "results": [
    {
      "uuid": "6b41df92-4381-44ec-a030-6c3da3e17a1d",
      "title": "",
      "fullFile": "cypress/integration/VerifyEnv.spec.js",
      "file": "cypress/integration/VerifyEnv.spec.js",
      "beforeHooks": [],
      "afterHooks": [],
      "tests": [],
      "suites": [
        {
          "uuid": "051d5ac7-5e29-44fb-aaef-64bc3c0a530b",
          "title": "Verifica as variáveis de ambiente do frontend",
          "fullFile": "",
          "file": "",
          "beforeHooks": [],
          "afterHooks": [],
          "tests": [
            {
              "title": "Será validado se as variáveis do hawkins existem",
              "fullTitle": "Verifica as variáveis de ambiente do frontend Será validado se as variáveis do hawkins existem",
              "timedOut": null,
              "duration": 24,
              "state": "passed",
              "speed": "fast",
              "pass": true,
              "fail": false,
              "pending": false,
              "context": null,
              "code": "expect(Cypress.env(REACT_APP_HAWKINS_URL)).to.exist;\nexpect(Cypress.env(REACT_APP_HAWKINS_TIMEOUT)).to.exist;",
              "err": {},
              "uuid": "9da00b9f-e9a6-4f14-a4ee-892d24dc58de",
              "parentUUID": "051d5ac7-5e29-44fb-aaef-64bc3c0a530b",
              "isHook": false,
              "skipped": false
            },
            {
              "title": "Será validado se as variáveis do upsidesown existem",
              "fullTitle": "Verifica as variáveis de ambiente do frontend Será validado se as variáveis do upsidesown existem",
              "timedOut": null,
              "duration": 11,
              "state": "passed",
              "speed": "fast",
              "pass": true,
              "fail": false,
              "pending": false,
              "context": null,
              "code": "expect(Cypress.env(REACT_APP_UPSIDEDOWN_URL)).to.exist;\nexpect(Cypress.env(REACT_APP_UPSIDEDOWN_TIMEOUT)).to.exist;",
              "err": {},
              "uuid": "a86b02be-3496-4f21-8452-e746c9146ceb",
              "parentUUID": "051d5ac7-5e29-44fb-aaef-64bc3c0a530b",
              "isHook": false,
              "skipped": false
            }
          ],
          "suites": [],
          "passes": [
            "9da00b9f-e9a6-4f14-a4ee-892d24dc58de",
            "a86b02be-3496-4f21-8452-e746c9146ceb"
          ],
          "failures": [],
          "pending": [],
          "skipped": [],
          "duration": 35,
          "root": false,
          "rootEmpty": false,
          "_timeout": 2000
        }
      ],
      "passes": [],
      "failures": [],
      "pending": [],
      "skipped": [],
      "duration": 0,
      "root": true,
      "rootEmpty": true,
      "_timeout": 2000
    }
  ],
  "meta": {
    "mocha": {
      "version": "7.0.1"
    },
    "mochawesome": {
      "options": {
        "quiet": false,
        "reportFilename": "mochawesome",
        "saveHtml": false,
        "saveJson": true,
        "consoleReporter": "spec",
        "useInlineDiffs": false
      },
      "version": "4.1.0"
    },
    "marge": {
      "options": {
        "id": "default",
        "reportDir": "cypress/reports",
        "overwrite": false,
        "html": false,
        "json": true
      },
      "version": "4.1.0"
    }
  }
}