{
  "stats": {
    "suites": 1,
    "tests": 2,
    "passes": 2,
    "pending": 0,
    "failures": 0,
    "start": "2020-09-18T20:53:52.325Z",
    "end": "2020-09-18T20:53:52.392Z",
    "duration": 67,
    "testsRegistered": 2,
    "passPercent": 100,
    "pendingPercent": 0,
    "other": 0,
    "hasOther": false,
    "skipped": 0,
    "hasSkipped": false
  },
  "results": [
    {
      "uuid": "a01a75b2-8f3e-41c8-8bb0-183f369ad3ec",
      "title": "",
      "fullFile": "cypress/integration/VerifyEnv.spec.js",
      "file": "cypress/integration/VerifyEnv.spec.js",
      "beforeHooks": [],
      "afterHooks": [],
      "tests": [],
      "suites": [
        {
          "uuid": "88d83d17-7d09-4637-9e41-533bdd420d0d",
          "title": "Verifica as variáveis de ambiente do frontend",
          "fullFile": "",
          "file": "",
          "beforeHooks": [],
          "afterHooks": [],
          "tests": [
            {
              "title": "Será validado se as variáveis do hawkins existem",
              "fullTitle": "Verifica as variáveis de ambiente do frontend Será validado se as variáveis do hawkins existem",
              "timedOut": null,
              "duration": 41,
              "state": "passed",
              "speed": "medium",
              "pass": true,
              "fail": false,
              "pending": false,
              "context": null,
              "code": "expect(Cypress.env(REACT_APP_HAWKINS_URL)).to.exist;\nexpect(Cypress.env(REACT_APP_HAWKINS_TIMEOUT)).to.exist;",
              "err": {},
              "uuid": "ed1f12a8-7282-412c-bd31-47270cb6d8fa",
              "parentUUID": "88d83d17-7d09-4637-9e41-533bdd420d0d",
              "isHook": false,
              "skipped": false
            },
            {
              "title": "Será validado se as variáveis do upsidesown existem",
              "fullTitle": "Verifica as variáveis de ambiente do frontend Será validado se as variáveis do upsidesown existem",
              "timedOut": null,
              "duration": 11,
              "state": "passed",
              "speed": "fast",
              "pass": true,
              "fail": false,
              "pending": false,
              "context": null,
              "code": "expect(Cypress.env(REACT_APP_UPSIDEDOWN_URL)).to.exist;\nexpect(Cypress.env(REACT_APP_UPSIDEDOWN_TIMEOUT)).to.exist;",
              "err": {},
              "uuid": "7f10ca5d-2af8-4a4c-97a2-b3a40420a6c4",
              "parentUUID": "88d83d17-7d09-4637-9e41-533bdd420d0d",
              "isHook": false,
              "skipped": false
            }
          ],
          "suites": [],
          "passes": [
            "ed1f12a8-7282-412c-bd31-47270cb6d8fa",
            "7f10ca5d-2af8-4a4c-97a2-b3a40420a6c4"
          ],
          "failures": [],
          "pending": [],
          "skipped": [],
          "duration": 52,
          "root": false,
          "rootEmpty": false,
          "_timeout": 2000
        }
      ],
      "passes": [],
      "failures": [],
      "pending": [],
      "skipped": [],
      "duration": 0,
      "root": true,
      "rootEmpty": true,
      "_timeout": 2000
    }
  ],
  "meta": {
    "mocha": {
      "version": "7.0.1"
    },
    "mochawesome": {
      "options": {
        "quiet": false,
        "reportFilename": "mochawesome",
        "saveHtml": false,
        "saveJson": true,
        "consoleReporter": "spec",
        "useInlineDiffs": false
      },
      "version": "4.1.0"
    },
    "marge": {
      "options": {
        "id": "default",
        "reportDir": "cypress/reports",
        "overwrite": false,
        "html": false,
        "json": true
      },
      "version": "4.1.0"
    }
  }
}